<?xml version="1.0" encoding="UTF-8"?>
<testsuite xmlns:xsi="http://www.w3.org/2001/XMLSchema-instance" xsi:noNamespaceSchemaLocation="https://maven.apache.org/surefire/maven-surefire-plugin/xsd/surefire-test-report-3.0.xsd" version="3.0" name="com.tienda_l.TiendaApplicationTests" time="2.515" tests="1" errors="0" skipped="0" failures="0">
  <properties>
[...]
</properties>
  <testcase name="contextLoads" classname="com.tienda_l.TiendaApplicationTests" time="0.743">
    <system-out><![CDATA[15:25:31.237 [main] INFO org.springframework.test.context.support.AnnotationConfigContextLoaderUtils -- Could not detect default configuration classes for test class [com.tienda_l.TiendaApplicationTests]: TiendaApplicationTests does not declare any static, non-private, non-final, nested classes annotated with @Configuration.
15:25:31.320 [main] INFO org.springframework.boot.test.context.SpringBootTestContextBootstrapper -- Found @SpringBootConfiguration com.tienda_l.TiendaApplication for test class com.tienda_l.TiendaApplicationTests

  .   ____          _            __ _ _
 /\\ / ___'_ __ _ _(_)_ __  __ _ \ \ \ \
( ( )\___ | '_ | '_| | '_ \/ _` | \ \ \ \
 \\/  ___)| |_)| | | | | || (_| |  ) ) ) )
  '  |____| .__|_| |_|_| |_\__, | / / / /
 =========|_|==============|___/=/_/_/_/
 :: Spring Boot ::                (v3.1.2)

2024-02-05T15:25:31.658-06:00  INFO 2762 --- [           main] com.tienda_l.TiendaApplicationTests      : Starting TiendaApplicationTests using Java 21.0.1 with PID 2762 (started by manri in /Users/manri/Desktop/Fidelitas/CuartoCuatri/Desarrollo de Aplicaciones Web y Patrones/Portafolio/Tienda_l/tienda_l)
2024-02-05T15:25:31.660-06:00  INFO 2762 --- [           main] com.tienda_l.TiendaApplicationTests      : No active profile set, falling back to 1 default profile: "default"
2024-02-05T15:25:32.716-06:00  INFO 2762 --- [           main] o.s.b.a.w.s.WelcomePageHandlerMapping    : Adding welcome page: class path resource [static/index.html]
2024-02-05T15:25:32.801-06:00  WARN 2762 --- [           main] ion$DefaultTemplateResolverConfiguration : Cannot find template location: classpath:/templates/ (please add some templates, check your Thymeleaf configuration, or set spring.thymeleaf.check-template-location=false)
2024-02-05T15:25:32.847-06:00  INFO 2762 --- [           main] com.tienda_l.TiendaApplicationTests      : Started TiendaApplicationTests in 1.411 seconds (process running for 2.238)
]]></system-out>
    <system-err><![CDATA[WARNING: A Java agent has been loaded dynamically (/Users/manri/.m2/repository/net/bytebuddy/byte-buddy-agent/1.14.5/byte-buddy-agent-1.14.5.jar)
WARNING: If a serviceability tool is in use, please run with -XX:+EnableDynamicAgentLoading to hide this warning
WARNING: If a serviceability tool is not in use, please run with -Djdk.instrument.traceUsage for more information
WARNING: Dynamic loading of agents will be disallowed by default in a future release
]]></system-err>
  </testcase>
</testsuite>